This is pdfTeX, Version 3.1415926-2.5-1.40.14 (MiKTeX 2.9 64-bit) (preloaded format=pdflatex 2015.2.7)  9 FEB 2015 23:52
entering extended mode
**pgm_dissertation.tex
(C:\Users\pmaginot\Desktop\Work\PGM_Dissertation\Dissertation\pgm_dissertation.tex
LaTeX2e <2011/06/27>
Babel <v3.8m> and hyphenation patterns for english, afrikaans, ancientgreek, arabic, armenian, assamese, basque, bengali
, bokmal, bulgarian, catalan, coptic, croatian, czech, danish, dutch, esperanto, estonian, farsi, finnish, french, galic
ian, german, german-x-2013-05-26, greek, gujarati, hindi, hungarian, icelandic, indonesian, interlingua, irish, italian,
 kannada, kurmanji, latin, latvian, lithuanian, malayalam, marathi, mongolian, mongolianlmc, monogreek, ngerman, ngerman
-x-2013-05-26, nynorsk, oriya, panjabi, pinyin, polish, portuguese, romanian, russian, sanskrit, serbian, slovak, sloven
ian, spanish, swedish, swissgerman, tamil, telugu, turkish, turkmen, ukenglish, ukrainian, uppersorbian, usenglishmax, w
elsh, loaded.
("C:\Program Files\MiKTeX 2.9\tex\latex\base\report.cls"
Document Class: report 2007/10/19 v1.4h Standard LaTeX document class
("C:\Program Files\MiKTeX 2.9\tex\latex\base\size12.clo"
File: size12.clo 2007/10/19 v1.4h Standard LaTeX file (size option)
)
\c@part=\count79
\c@chapter=\count80
\c@section=\count81
\c@subsection=\count82
\c@subsubsection=\count83
\c@paragraph=\count84
\c@subparagraph=\count85
\c@figure=\count86
\c@table=\count87
\abovecaptionskip=\skip41
\belowcaptionskip=\skip42
\bibindent=\dimen102
) ("C:\Program Files\MiKTeX 2.9\tex\latex\geometry\geometry.sty"
Package: geometry 2010/09/12 v5.6 Page Geometry
 ("C:\Program Files\MiKTeX 2.9\tex\latex\graphics\keyval.sty"
Package: keyval 1999/03/16 v1.13 key=value parser (DPC)
\KV@toks@=\toks14
)
("C:\Program Files\MiKTeX 2.9\tex\generic\oberdiek\ifpdf.sty"
Package: ifpdf 2011/01/30 v2.3 Provides the ifpdf switch (HO)
Package ifpdf Info: pdfTeX in PDF mode is detected.
)
("C:\Program Files\MiKTeX 2.9\tex\generic\oberdiek\ifvtex.sty"
Package: ifvtex 2010/03/01 v1.5 Detect VTeX and its facilities (HO)
Package ifvtex Info: VTeX not detected.
)
("C:\Program Files\MiKTeX 2.9\tex\generic\ifxetex\ifxetex.sty"
Package: ifxetex 2010/09/12 v0.6 Provides ifxetex conditional
)
\Gm@cnth=\count88
\Gm@cntv=\count89
\c@Gm@tempcnt=\count90
\Gm@bindingoffset=\dimen103
\Gm@wd@mp=\dimen104
\Gm@odd@mp=\dimen105
\Gm@even@mp=\dimen106
\Gm@layoutwidth=\dimen107
\Gm@layoutheight=\dimen108
\Gm@layouthoffset=\dimen109
\Gm@layoutvoffset=\dimen110
\Gm@dimlist=\toks15

("C:\Program Files\MiKTeX 2.9\tex\latex\geometry\geometry.cfg"))
("C:\Program Files\MiKTeX 2.9\tex\latex\setspace\setspace.sty"
Package: setspace 2011/12/19 v6.7a set line spacing
)
("C:\Program Files\MiKTeX 2.9\tex\latex\tocloft\tocloft.sty"
Package: tocloft 2013/05/02 v2.3f parameterised ToC, etc., typesetting
Package tocloft Info: The document has chapter divisions on input line 44.
\cftparskip=\skip43
\cftbeforetoctitleskip=\skip44
\cftaftertoctitleskip=\skip45
\cftbeforepartskip=\skip46
\cftpartnumwidth=\skip47
\cftpartindent=\skip48
\cftbeforechapskip=\skip49
\cftchapindent=\skip50
\cftchapnumwidth=\skip51
\cftbeforesecskip=\skip52
\cftsecindent=\skip53
\cftsecnumwidth=\skip54
\cftbeforesubsecskip=\skip55
\cftsubsecindent=\skip56
\cftsubsecnumwidth=\skip57
\cftbeforesubsubsecskip=\skip58
\cftsubsubsecindent=\skip59
\cftsubsubsecnumwidth=\skip60
\cftbeforeparaskip=\skip61
\cftparaindent=\skip62
\cftparanumwidth=\skip63
\cftbeforesubparaskip=\skip64
\cftsubparaindent=\skip65
\cftsubparanumwidth=\skip66
\cftbeforeloftitleskip=\skip67
\cftafterloftitleskip=\skip68
\cftbeforefigskip=\skip69
\cftfigindent=\skip70
\cftfignumwidth=\skip71
\c@lofdepth=\count91
\c@lotdepth=\count92
\cftbeforelottitleskip=\skip72
\cftafterlottitleskip=\skip73
\cftbeforetabskip=\skip74
\cfttabindent=\skip75
\cfttabnumwidth=\skip76
)
("C:\Program Files\MiKTeX 2.9\tex\latex\titlesec\titlesec.sty"
Package: titlesec 2011/12/15 v2.10.0 Sectioning titles
\ttl@box=\box26
\beforetitleunit=\skip77
\aftertitleunit=\skip78
\ttl@plus=\dimen111
\ttl@minus=\dimen112
\ttl@toksa=\toks16
\titlewidth=\dimen113
\titlewidthlast=\dimen114
\titlewidthfirst=\dimen115
)
("C:\Program Files\MiKTeX 2.9\tex\latex\tools\indentfirst.sty"
Package: indentfirst 1995/11/23 v1.03 Indent first paragraph (DPC)
)
("C:\Program Files\MiKTeX 2.9\tex\latex\etoolbox\etoolbox.sty"
Package: etoolbox 2011/01/03 v2.1 e-TeX tools for LaTeX
 ("C:\Program Files\MiKTeX 2.9\tex\latex\misc\etex.sty"
Package: etex 1998/03/26 v2.0 eTeX basic definition package (PEB)
\et@xins=\count93
)
\etb@tempcnta=\count94
)
("C:\Program Files\MiKTeX 2.9\tex\latex\tocvsec2\tocvsec2.sty"
Package: tocvsec2 2014/03/10 v1.3a variable ToC section entries
 ("C:\Program Files\MiKTeX 2.9\tex\latex\base\ifthen.sty"
Package: ifthen 2001/05/26 v1.1c Standard LaTeX ifthen package (DPC)
)
\c@max@tocdepth=\count95
\c@max@secnumdepth=\count96
) ("C:\Program Files\MiKTeX 2.9\tex\latex\appendix\appendix.sty"
Package: appendix 2009/09/02 v1.2b extra appendix facilities
\c@@pps=\count97
\c@@ppsavesec=\count98
\c@@ppsaveapp=\count99
)
(C:\Users\pmaginot\Desktop\Work\PGM_Dissertation\Dissertation\tamuconfig.sty
Package: tamuconfig 
)
("C:\Program Files\MiKTeX 2.9\tex\latex\rotating\rotating.sty"
Package: rotating 2009/03/28 v2.16a rotated objects in LaTeX

("C:\Program Files\MiKTeX 2.9\tex\latex\graphics\graphicx.sty"
Package: graphicx 1999/02/16 v1.0f Enhanced LaTeX Graphics (DPC,SPQR)

("C:\Program Files\MiKTeX 2.9\tex\latex\graphics\graphics.sty"
Package: graphics 2009/02/05 v1.0o Standard LaTeX Graphics (DPC,SPQR)
 ("C:\Program Files\MiKTeX 2.9\tex\latex\graphics\trig.sty"
Package: trig 1999/03/16 v1.09 sin cos tan (DPC)
) ("C:\Program Files\MiKTeX 2.9\tex\latex\00miktex\graphics.cfg"
File: graphics.cfg 2007/01/18 v1.5 graphics configuration of teTeX/TeXLive
)
Package graphics Info: Driver file: pdftex.def on input line 91.

("C:\Program Files\MiKTeX 2.9\tex\latex\pdftex-def\pdftex.def"
File: pdftex.def 2011/05/27 v0.06d Graphics/color for pdfTeX

("C:\Program Files\MiKTeX 2.9\tex\generic\oberdiek\infwarerr.sty"
Package: infwarerr 2010/04/08 v1.3 Providing info/warning/error messages (HO)
)
("C:\Program Files\MiKTeX 2.9\tex\generic\oberdiek\ltxcmds.sty"
Package: ltxcmds 2011/11/09 v1.22 LaTeX kernel commands for general use (HO)
)
\Gread@gobject=\count100
))
\Gin@req@height=\dimen116
\Gin@req@width=\dimen117
)
\c@r@tfl@t=\count101
\rotFPtop=\skip79
\rotFPbot=\skip80
\rot@float@box=\box27
\rot@mess@toks=\toks17
)
("C:\Program Files\MiKTeX 2.9\tex\latex\amsfonts\amssymb.sty"
Package: amssymb 2013/01/14 v3.01 AMS font symbols

("C:\Program Files\MiKTeX 2.9\tex\latex\amsfonts\amsfonts.sty"
Package: amsfonts 2013/01/14 v3.01 Basic AMSFonts support
\@emptytoks=\toks18
\symAMSa=\mathgroup4
\symAMSb=\mathgroup5
LaTeX Font Info:    Overwriting math alphabet `\mathfrak' in version `bold'
(Font)                  U/euf/m/n --> U/euf/b/n on input line 106.
))
("C:\Program Files\MiKTeX 2.9\tex\latex\amsmath\amsmath.sty"
Package: amsmath 2013/01/14 v2.14 AMS math features
\@mathmargin=\skip81

For additional information on amsmath, use the `?' option.
("C:\Program Files\MiKTeX 2.9\tex\latex\amsmath\amstext.sty"
Package: amstext 2000/06/29 v2.01
 ("C:\Program Files\MiKTeX 2.9\tex\latex\amsmath\amsgen.sty"
File: amsgen.sty 1999/11/30 v2.0
\@emptytoks=\toks19
\ex@=\dimen118
)) ("C:\Program Files\MiKTeX 2.9\tex\latex\amsmath\amsbsy.sty"
Package: amsbsy 1999/11/29 v1.2d
\pmbraise@=\dimen119
)
("C:\Program Files\MiKTeX 2.9\tex\latex\amsmath\amsopn.sty"
Package: amsopn 1999/12/14 v2.01 operator names
)
\inf@bad=\count102
LaTeX Info: Redefining \frac on input line 210.
\uproot@=\count103
\leftroot@=\count104
LaTeX Info: Redefining \overline on input line 306.
\classnum@=\count105
\DOTSCASE@=\count106
LaTeX Info: Redefining \ldots on input line 378.
LaTeX Info: Redefining \dots on input line 381.
LaTeX Info: Redefining \cdots on input line 466.
\Mathstrutbox@=\box28
\strutbox@=\box29
\big@size=\dimen120
LaTeX Font Info:    Redeclaring font encoding OML on input line 566.
LaTeX Font Info:    Redeclaring font encoding OMS on input line 567.
\macc@depth=\count107
\c@MaxMatrixCols=\count108
\dotsspace@=\muskip10
\c@parentequation=\count109
\dspbrk@lvl=\count110
\tag@help=\toks20
\row@=\count111
\column@=\count112
\maxfields@=\count113
\andhelp@=\toks21
\eqnshift@=\dimen121
\alignsep@=\dimen122
\tagshift@=\dimen123
\tagwidth@=\dimen124
\totwidth@=\dimen125
\lineht@=\dimen126
\@envbody=\toks22
\multlinegap=\skip82
\multlinetaggap=\skip83
\mathdisplay@stack=\toks23
LaTeX Info: Redefining \[ on input line 2665.
LaTeX Info: Redefining \] on input line 2666.
) ("C:\Program Files\MiKTeX 2.9\tex\latex\graphics\lscape.sty"
Package: lscape 2000/10/22 v3.01 Landscape Pages (DPC)
) (C:\Users\pmaginot\Desktop\Work\PGM_Dissertation\Dissertation\pgm_dissertation.aux
(C:\Users\pmaginot\Desktop\Work\PGM_Dissertation\Dissertation\front_matter/titlepage.aux)
(C:\Users\pmaginot\Desktop\Work\PGM_Dissertation\Dissertation\front_matter/abstract.aux)
(C:\Users\pmaginot\Desktop\Work\PGM_Dissertation\Dissertation\front_matter/dedication.aux)
(C:\Users\pmaginot\Desktop\Work\PGM_Dissertation\Dissertation\front_matter/acknowledgements.aux)
(C:\Users\pmaginot\Desktop\Work\PGM_Dissertation\Dissertation\front_matter/nomenclature.aux)
(C:\Users\pmaginot\Desktop\Work\PGM_Dissertation\Dissertation\front_matter/lists.aux)
(C:\Users\pmaginot\Desktop\Work\PGM_Dissertation\Dissertation\chapter1_intro/introduction.aux)
(C:\Users\pmaginot\Desktop\Work\PGM_Dissertation\Dissertation\chapter2_constant_xs/chapter2_constant_xs.aux)
(C:\Users\pmaginot\Desktop\Work\PGM_Dissertation\Dissertation\chapter3_variable_xs/chapter3_variable_xs.aux

LaTeX Warning: Label `sec:derive' multiply defined.

) (C:\Users\pmaginot\Desktop\Work\PGM_Dissertation\Dissertation\chapter4_acceleration/chapter4_acceleration.aux)
(C:\Users\pmaginot\Desktop\Work\PGM_Dissertation\Dissertation\chapter5_depletion/chapter5_depletion.aux)
(C:\Users\pmaginot\Desktop\Work\PGM_Dissertation\Dissertation\chapter6_grey_radtran/chapter6_grey_radtran.aux)
(C:\Users\pmaginot\Desktop\Work\PGM_Dissertation\Dissertation\front_matter/bibliography.aux)
(C:\Users\pmaginot\Desktop\Work\PGM_Dissertation\Dissertation\appendices/appendices.aux))
LaTeX Font Info:    Checking defaults for OML/cmm/m/it on input line 98.
LaTeX Font Info:    ... okay on input line 98.
LaTeX Font Info:    Checking defaults for T1/cmr/m/n on input line 98.
LaTeX Font Info:    ... okay on input line 98.
LaTeX Font Info:    Checking defaults for OT1/cmr/m/n on input line 98.
LaTeX Font Info:    ... okay on input line 98.
LaTeX Font Info:    Checking defaults for OMS/cmsy/m/n on input line 98.
LaTeX Font Info:    ... okay on input line 98.
LaTeX Font Info:    Checking defaults for OMX/cmex/m/n on input line 98.
LaTeX Font Info:    ... okay on input line 98.
LaTeX Font Info:    Checking defaults for U/cmr/m/n on input line 98.
LaTeX Font Info:    ... okay on input line 98.

*geometry* driver: auto-detecting
*geometry* detected driver: pdftex
*geometry* verbose mode - [ preamble ] result:
* driver: pdftex
* paper: letterpaper
* layout: <same size as paper>
* layoutoffset:(h,v)=(0.0pt,0.0pt)
* modes: 
* h-part:(L,W,R)=(101.17755pt, 430.0074pt, 83.11005pt)
* v-part:(T,H,B)=(90.3375pt, 614.295pt, 90.3375pt)
* \paperwidth=614.295pt
* \paperheight=794.96999pt
* \textwidth=430.0074pt
* \textheight=614.295pt
* \oddsidemargin=28.90756pt
* \evensidemargin=28.90756pt
* \topmargin=-18.9325pt
* \headheight=12.0pt
* \headsep=25.0pt
* \topskip=12.0pt
* \footskip=30.0pt
* \marginparwidth=44.0pt
* \marginparsep=10.0pt
* \columnsep=10.0pt
* \skip\footins=10.8pt plus 4.0pt minus 2.0pt
* \hoffset=0.0pt
* \voffset=0.0pt
* \mag=1000
* \@twocolumnfalse
* \@twosidefalse
* \@mparswitchfalse
* \@reversemarginfalse
* (1in=72.27pt=25.4mm, 1cm=28.453pt)

("C:\Program Files\MiKTeX 2.9\tex\context\base\supp-pdf.mkii"
[Loading MPS to PDF converter (version 2006.09.02).]
\scratchcounter=\count114
\scratchdimen=\dimen127
\scratchbox=\box30
\nofMPsegments=\count115
\nofMParguments=\count116
\everyMPshowfont=\toks24
\MPscratchCnt=\count117
\MPscratchDim=\dimen128
\MPnumerator=\count118
\makeMPintoPDFobject=\count119
\everyMPtoPDFconversion=\toks25
) (C:\Users\pmaginot\Desktop\Work\PGM_Dissertation\Dissertation\front_matter/titlepage.tex
LaTeX Font Info:    Try loading font information for U+msa on input line 47.

("C:\Program Files\MiKTeX 2.9\tex\latex\amsfonts\umsa.fd"
File: umsa.fd 2013/01/14 v3.01 AMS symbols A
)
LaTeX Font Info:    Try loading font information for U+msb on input line 47.
 ("C:\Program Files\MiKTeX 2.9\tex\latex\amsfonts\umsb.fd"
File: umsb.fd 2013/01/14 v3.01 AMS symbols B
)
[1


{C:/ProgramData/MiKTeX/2.9/pdftex/config/pdftex.map}])
(C:\Users\pmaginot\Desktop\Work\PGM_Dissertation\Dissertation\front_matter/abstract.tex [2



])
(C:\Users\pmaginot\Desktop\Work\PGM_Dissertation\Dissertation\front_matter/dedication.tex [3



])
(C:\Users\pmaginot\Desktop\Work\PGM_Dissertation\Dissertation\front_matter/acknowledgements.tex [4



])
(C:\Users\pmaginot\Desktop\Work\PGM_Dissertation\Dissertation\front_matter/nomenclature.tex [5



])
(C:\Users\pmaginot\Desktop\Work\PGM_Dissertation\Dissertation\front_matter/lists.tex
(C:\Users\pmaginot\Desktop\Work\PGM_Dissertation\Dissertation\pgm_dissertation.toc [6


])
\tf@toc=\write3
 [7]
(C:\Users\pmaginot\Desktop\Work\PGM_Dissertation\Dissertation\pgm_dissertation.lof [8] [9]
Overfull \hbox (1.85217pt too wide) in paragraph at lines 42--42
 [][] []\OT1/cmr/m/n/12 Asymptotic con-ver-gence of the SLXS Lo-batto scheme us-ing a quadratic 
 []

[10])
\tf@lof=\write4
 [11] (C:\Users\pmaginot\Desktop\Work\PGM_Dissertation\Dissertation\pgm_dissertation.lot)
\tf@lot=\write5
 [12])
(C:\Users\pmaginot\Desktop\Work\PGM_Dissertation\Dissertation\chapter1_intro/introduction.tex
Chapter 1.
[1



]
Overfull \hbox (0.98257pt too wide) in paragraph at lines 58--59
[]\OT1/cmr/m/n/12 Finally, we treat the pho-ton en-ergy de-pen-dence us-ing the multi-frequency method.
 []

[2] [3]) [4] [5]
(C:\Users\pmaginot\Desktop\Work\PGM_Dissertation\Dissertation\chapter2_constant_xs/chapter2_constant_xs.tex
Chapter 2.
[6



] [7] [8] [9] [10] [11] [12] [13] [14] [15] [16] [17] [18] [19] [20] [21]
<chapter2_constant_xs/P1_Outflow_AllMeth-eps-converted-to.pdf, id=118, 799.98875pt x 620.3175pt>
File: chapter2_constant_xs/P1_Outflow_AllMeth-eps-converted-to.pdf Graphic file (type pdf)

<use chapter2_constant_xs/P1_Outflow_AllMeth-eps-converted-to.pdf>
Package pdftex.def Info: chapter2_constant_xs/P1_Outflow_AllMeth-eps-converted-to.pdf used on input line 612.
(pdftex.def)             Requested size: 312.9803pt x 242.68954pt.

<chapter2_constant_xs/P2_Outflow_AllMeth-eps-converted-to.pdf, id=119, 799.98875pt x 620.3175pt>
File: chapter2_constant_xs/P2_Outflow_AllMeth-eps-converted-to.pdf Graphic file (type pdf)

<use chapter2_constant_xs/P2_Outflow_AllMeth-eps-converted-to.pdf>
Package pdftex.def Info: chapter2_constant_xs/P2_Outflow_AllMeth-eps-converted-to.pdf used on input line 618.
(pdftex.def)             Requested size: 312.9803pt x 242.68954pt.

<chapter2_constant_xs/P3_Outflow_AllMeth-eps-converted-to.pdf, id=120, 799.98875pt x 620.3175pt>
File: chapter2_constant_xs/P3_Outflow_AllMeth-eps-converted-to.pdf Graphic file (type pdf)

<use chapter2_constant_xs/P3_Outflow_AllMeth-eps-converted-to.pdf>
Package pdftex.def Info: chapter2_constant_xs/P3_Outflow_AllMeth-eps-converted-to.pdf used on input line 624.
(pdftex.def)             Requested size: 312.9803pt x 242.68954pt.

<chapter2_constant_xs/P4_Outflow_AllMeth-eps-converted-to.pdf, id=121, 799.98875pt x 620.3175pt>
File: chapter2_constant_xs/P4_Outflow_AllMeth-eps-converted-to.pdf Graphic file (type pdf)

<use chapter2_constant_xs/P4_Outflow_AllMeth-eps-converted-to.pdf>
Package pdftex.def Info: chapter2_constant_xs/P4_Outflow_AllMeth-eps-converted-to.pdf used on input line 630.
(pdftex.def)             Requested size: 312.9803pt x 242.68954pt.
LaTeX Font Info:    Try loading font information for OMS+cmr on input line 637.
 ("C:\Program Files\MiKTeX 2.9\tex\latex\base\omscmr.fd"
File: omscmr.fd 1999/05/25 v2.5h Standard LaTeX font definitions
)
LaTeX Font Info:    Font shape `OMS/cmr/m/n' in size <12> not available
(Font)              Font shape `OMS/cmsy/m/n' tried instead on input line 637.
 [22] [23 <C:/Users/pmaginot/Desktop/Work/PGM_Dissertation/Dissertation/chapter2_constant_xs/P1_Outflow_AllMeth-eps-conv
erted-to.pdf> <C:/Users/pmaginot/Desktop/Work/PGM_Dissertation/Dissertation/chapter2_constant_xs/P2_Outflow_AllMeth-eps-
converted-to.pdf>] [24 <C:/Users/pmaginot/Desktop/Work/PGM_Dissertation/Dissertation/chapter2_constant_xs/P3_Outflow_All
Meth-eps-converted-to.pdf> <C:/Users/pmaginot/Desktop/Work/PGM_Dissertation/Dissertation/chapter2_constant_xs/P4_Outflow
_AllMeth-eps-converted-to.pdf>] [25]
<chapter2_constant_xs/Final_Inflow_RHS_Comparison_Source_P1_MFP_0.png, id=203, 867.24pt x 650.43pt>
File: chapter2_constant_xs/Final_Inflow_RHS_Comparison_Source_P1_MFP_0.png Graphic file (type png)

<use chapter2_constant_xs/Final_Inflow_RHS_Comparison_Source_P1_MFP_0.png>
Package pdftex.def Info: chapter2_constant_xs/Final_Inflow_RHS_Comparison_Source_P1_MFP_0.png used on input line 682.
(pdftex.def)             Requested size: 312.9803pt x 234.74017pt.

<chapter2_constant_xs/Final_Inflow_RHS_Comparison_Source_P2_MFP_0.png, id=204, 867.24pt x 650.43pt>
File: chapter2_constant_xs/Final_Inflow_RHS_Comparison_Source_P2_MFP_0.png Graphic file (type png)

<use chapter2_constant_xs/Final_Inflow_RHS_Comparison_Source_P2_MFP_0.png>
Package pdftex.def Info: chapter2_constant_xs/Final_Inflow_RHS_Comparison_Source_P2_MFP_0.png used on input line 688.
(pdftex.def)             Requested size: 312.9803pt x 234.74017pt.
 [26 <C:/Users/pmaginot/Desktop/Work/PGM_Dissertation/Dissertation/chapter2_constant_xs/Final_Inflow_RHS_Comparison_Sour
ce_P1_MFP_0.png (PNG copy)>]
<chapter2_constant_xs/Final_Inflow_RHS_Comparison_Source_P3_MFP_0.png, id=208, 867.24pt x 650.43pt>
File: chapter2_constant_xs/Final_Inflow_RHS_Comparison_Source_P3_MFP_0.png Graphic file (type png)

<use chapter2_constant_xs/Final_Inflow_RHS_Comparison_Source_P3_MFP_0.png>
Package pdftex.def Info: chapter2_constant_xs/Final_Inflow_RHS_Comparison_Source_P3_MFP_0.png used on input line 694.
(pdftex.def)             Requested size: 312.9803pt x 234.74017pt.

<chapter2_constant_xs/Final_Inflow_RHS_Comparison_Source_P4_MFP_0.png, id=209, 867.24pt x 650.43pt>
File: chapter2_constant_xs/Final_Inflow_RHS_Comparison_Source_P4_MFP_0.png Graphic file (type png)

<use chapter2_constant_xs/Final_Inflow_RHS_Comparison_Source_P4_MFP_0.png>
Package pdftex.def Info: chapter2_constant_xs/Final_Inflow_RHS_Comparison_Source_P4_MFP_0.png used on input line 700.
(pdftex.def)             Requested size: 312.9803pt x 234.74017pt.

<chapter2_constant_xs/Final_Inflow_RHS_Comparison_Source_P1_MFP_5.png, id=210, 867.24pt x 650.43pt>
File: chapter2_constant_xs/Final_Inflow_RHS_Comparison_Source_P1_MFP_5.png Graphic file (type png)

<use chapter2_constant_xs/Final_Inflow_RHS_Comparison_Source_P1_MFP_5.png>
Package pdftex.def Info: chapter2_constant_xs/Final_Inflow_RHS_Comparison_Source_P1_MFP_5.png used on input line 714.
(pdftex.def)             Requested size: 312.9803pt x 234.74017pt.

<chapter2_constant_xs/Final_Inflow_RHS_Comparison_Source_P2_MFP_5.png, id=211, 867.24pt x 650.43pt>
File: chapter2_constant_xs/Final_Inflow_RHS_Comparison_Source_P2_MFP_5.png Graphic file (type png)

<use chapter2_constant_xs/Final_Inflow_RHS_Comparison_Source_P2_MFP_5.png>
Package pdftex.def Info: chapter2_constant_xs/Final_Inflow_RHS_Comparison_Source_P2_MFP_5.png used on input line 720.
(pdftex.def)             Requested size: 312.9803pt x 234.74017pt.

<chapter2_constant_xs/Final_Inflow_RHS_Comparison_Source_P3_MFP_5.png, id=212, 867.24pt x 650.43pt>
File: chapter2_constant_xs/Final_Inflow_RHS_Comparison_Source_P3_MFP_5.png Graphic file (type png)

<use chapter2_constant_xs/Final_Inflow_RHS_Comparison_Source_P3_MFP_5.png>
Package pdftex.def Info: chapter2_constant_xs/Final_Inflow_RHS_Comparison_Source_P3_MFP_5.png used on input line 726.
(pdftex.def)             Requested size: 312.9803pt x 234.74017pt.

<chapter2_constant_xs/Final_Inflow_RHS_Comparison_Source_P4_MFP_5.png, id=213, 867.24pt x 650.43pt>
File: chapter2_constant_xs/Final_Inflow_RHS_Comparison_Source_P4_MFP_5.png Graphic file (type png)

<use chapter2_constant_xs/Final_Inflow_RHS_Comparison_Source_P4_MFP_5.png>
Package pdftex.def Info: chapter2_constant_xs/Final_Inflow_RHS_Comparison_Source_P4_MFP_5.png used on input line 732.
(pdftex.def)             Requested size: 312.9803pt x 234.74017pt.
 [27 <C:/Users/pmaginot/Desktop/Work/PGM_Dissertation/Dissertation/chapter2_constant_xs/Final_Inflow_RHS_Comparison_Sour
ce_P2_MFP_0.png (PNG copy)>] [28 <C:/Users/pmaginot/Desktop/Work/PGM_Dissertation/Dissertation/chapter2_constant_xs/Fina
l_Inflow_RHS_Comparison_Source_P3_MFP_0.png (PNG copy)> <C:/Users/pmaginot/Desktop/Work/PGM_Dissertation/Dissertation/ch
apter2_constant_xs/Final_Inflow_RHS_Comparison_Source_P4_MFP_0.png (PNG copy)>] [29 <C:/Users/pmaginot/Desktop/Work/PGM_
Dissertation/Dissertation/chapter2_constant_xs/Final_Inflow_RHS_Comparison_Source_P1_MFP_5.png (PNG copy)> <C:/Users/pma
ginot/Desktop/Work/PGM_Dissertation/Dissertation/chapter2_constant_xs/Final_Inflow_RHS_Comparison_Source_P2_MFP_5.png (P
NG copy)>] [30 <C:/Users/pmaginot/Desktop/Work/PGM_Dissertation/Dissertation/chapter2_constant_xs/Final_Inflow_RHS_Compa
rison_Source_P3_MFP_5.png (PNG copy)> <C:/Users/pmaginot/Desktop/Work/PGM_Dissertation/Dissertation/chapter2_constant_xs
/Final_Inflow_RHS_Comparison_Source_P4_MFP_5.png (PNG copy)>] [31] [32] [33] [34] [35]
<chapter2_constant_xs/Linear_L2_err-eps-converted-to.pdf, id=242, 527.9725pt x 413.545pt>
File: chapter2_constant_xs/Linear_L2_err-eps-converted-to.pdf Graphic file (type pdf)

<use chapter2_constant_xs/Linear_L2_err-eps-converted-to.pdf>
Package pdftex.def Info: chapter2_constant_xs/Linear_L2_err-eps-converted-to.pdf used on input line 1083.
(pdftex.def)             Requested size: 312.9803pt x 245.14418pt.

<chapter2_constant_xs/Quadratic_L2_err-eps-converted-to.pdf, id=243, 527.9725pt x 413.545pt>
File: chapter2_constant_xs/Quadratic_L2_err-eps-converted-to.pdf Graphic file (type pdf)

<use chapter2_constant_xs/Quadratic_L2_err-eps-converted-to.pdf>
Package pdftex.def Info: chapter2_constant_xs/Quadratic_L2_err-eps-converted-to.pdf used on input line 1089.
(pdftex.def)             Requested size: 312.9803pt x 245.14418pt.

<chapter2_constant_xs/Cubic_L2_err-eps-converted-to.pdf, id=244, 529.98pt x 413.545pt>
File: chapter2_constant_xs/Cubic_L2_err-eps-converted-to.pdf Graphic file (type pdf)

<use chapter2_constant_xs/Cubic_L2_err-eps-converted-to.pdf>
Package pdftex.def Info: chapter2_constant_xs/Cubic_L2_err-eps-converted-to.pdf used on input line 1095.
(pdftex.def)             Requested size: 312.9803pt x 244.2229pt.

<chapter2_constant_xs/Quartic_L2_err-eps-converted-to.pdf, id=245, 529.98pt x 413.545pt>
File: chapter2_constant_xs/Quartic_L2_err-eps-converted-to.pdf Graphic file (type pdf)

<use chapter2_constant_xs/Quartic_L2_err-eps-converted-to.pdf>
Package pdftex.def Info: chapter2_constant_xs/Quartic_L2_err-eps-converted-to.pdf used on input line 1101.
(pdftex.def)             Requested size: 312.9803pt x 244.2229pt.

<chapter2_constant_xs/Linear_L2A_err-eps-converted-to.pdf, id=246, 527.9725pt x 413.545pt>
File: chapter2_constant_xs/Linear_L2A_err-eps-converted-to.pdf Graphic file (type pdf)

<use chapter2_constant_xs/Linear_L2A_err-eps-converted-to.pdf>
Package pdftex.def Info: chapter2_constant_xs/Linear_L2A_err-eps-converted-to.pdf used on input line 1109.
(pdftex.def)             Requested size: 312.9803pt x 245.14418pt.

<chapter2_constant_xs/Quadratic_L2A_err-eps-converted-to.pdf, id=247, 527.9725pt x 413.545pt>
File: chapter2_constant_xs/Quadratic_L2A_err-eps-converted-to.pdf Graphic file (type pdf)

<use chapter2_constant_xs/Quadratic_L2A_err-eps-converted-to.pdf>
Package pdftex.def Info: chapter2_constant_xs/Quadratic_L2A_err-eps-converted-to.pdf used on input line 1115.
(pdftex.def)             Requested size: 312.9803pt x 245.14418pt.

<chapter2_constant_xs/Cubic_L2A_err-eps-converted-to.pdf, id=248, 529.98pt x 413.545pt>
File: chapter2_constant_xs/Cubic_L2A_err-eps-converted-to.pdf Graphic file (type pdf)

<use chapter2_constant_xs/Cubic_L2A_err-eps-converted-to.pdf>
Package pdftex.def Info: chapter2_constant_xs/Cubic_L2A_err-eps-converted-to.pdf used on input line 1121.
(pdftex.def)             Requested size: 312.9803pt x 244.2229pt.

<chapter2_constant_xs/Quartic_L2A_err-eps-converted-to.pdf, id=249, 529.98pt x 413.545pt>
File: chapter2_constant_xs/Quartic_L2A_err-eps-converted-to.pdf Graphic file (type pdf)

<use chapter2_constant_xs/Quartic_L2A_err-eps-converted-to.pdf>
Package pdftex.def Info: chapter2_constant_xs/Quartic_L2A_err-eps-converted-to.pdf used on input line 1127.
(pdftex.def)             Requested size: 312.9803pt x 244.2229pt.
 [36]
<chapter2_constant_xs/Linear_L2Out_err-eps-converted-to.pdf, id=255, 529.98pt x 413.545pt>
File: chapter2_constant_xs/Linear_L2Out_err-eps-converted-to.pdf Graphic file (type pdf)

<use chapter2_constant_xs/Linear_L2Out_err-eps-converted-to.pdf>
Package pdftex.def Info: chapter2_constant_xs/Linear_L2Out_err-eps-converted-to.pdf used on input line 1138.
(pdftex.def)             Requested size: 312.9803pt x 244.2229pt.

<chapter2_constant_xs/Quadratic_L2Out_err-eps-converted-to.pdf, id=256, 529.98pt x 413.545pt>
File: chapter2_constant_xs/Quadratic_L2Out_err-eps-converted-to.pdf Graphic file (type pdf)

<use chapter2_constant_xs/Quadratic_L2Out_err-eps-converted-to.pdf>
Package pdftex.def Info: chapter2_constant_xs/Quadratic_L2Out_err-eps-converted-to.pdf used on input line 1144.
(pdftex.def)             Requested size: 312.9803pt x 244.2229pt.

<chapter2_constant_xs/Cubic_L2Out_err-eps-converted-to.pdf, id=257, 531.9875pt x 413.545pt>
File: chapter2_constant_xs/Cubic_L2Out_err-eps-converted-to.pdf Graphic file (type pdf)

<use chapter2_constant_xs/Cubic_L2Out_err-eps-converted-to.pdf>
Package pdftex.def Info: chapter2_constant_xs/Cubic_L2Out_err-eps-converted-to.pdf used on input line 1150.
(pdftex.def)             Requested size: 312.9803pt x 243.30162pt.

<chapter2_constant_xs/Quartic_L2Out_err-eps-converted-to.pdf, id=258, 531.9875pt x 413.545pt>
File: chapter2_constant_xs/Quartic_L2Out_err-eps-converted-to.pdf Graphic file (type pdf)

<use chapter2_constant_xs/Quartic_L2Out_err-eps-converted-to.pdf>
Package pdftex.def Info: chapter2_constant_xs/Quartic_L2Out_err-eps-converted-to.pdf used on input line 1156.
(pdftex.def)             Requested size: 312.9803pt x 243.30162pt.
 [37 <C:/Users/pmaginot/Desktop/Work/PGM_Dissertation/Dissertation/chapter2_constant_xs/Linear_L2_err-eps-converted-to.p
df>] [38 <C:/Users/pmaginot/Desktop/Work/PGM_Dissertation/Dissertation/chapter2_constant_xs/Quadratic_L2_err-eps-convert
ed-to.pdf> <C:/Users/pmaginot/Desktop/Work/PGM_Dissertation/Dissertation/chapter2_constant_xs/Cubic_L2_err-eps-converted
-to.pdf>] [39 <C:/Users/pmaginot/Desktop/Work/PGM_Dissertation/Dissertation/chapter2_constant_xs/Quartic_L2_err-eps-conv
erted-to.pdf> <C:/Users/pmaginot/Desktop/Work/PGM_Dissertation/Dissertation/chapter2_constant_xs/Linear_L2A_err-eps-conv
erted-to.pdf>] [40 <C:/Users/pmaginot/Desktop/Work/PGM_Dissertation/Dissertation/chapter2_constant_xs/Quadratic_L2A_err-
eps-converted-to.pdf> <C:/Users/pmaginot/Desktop/Work/PGM_Dissertation/Dissertation/chapter2_constant_xs/Cubic_L2A_err-e
ps-converted-to.pdf>] [41 <C:/Users/pmaginot/Desktop/Work/PGM_Dissertation/Dissertation/chapter2_constant_xs/Quartic_L2A
_err-eps-converted-to.pdf> <C:/Users/pmaginot/Desktop/Work/PGM_Dissertation/Dissertation/chapter2_constant_xs/Linear_L2O
ut_err-eps-converted-to.pdf>] [42 <C:/Users/pmaginot/Desktop/Work/PGM_Dissertation/Dissertation/chapter2_constant_xs/Qua
dratic_L2Out_err-eps-converted-to.pdf> <C:/Users/pmaginot/Desktop/Work/PGM_Dissertation/Dissertation/chapter2_constant_x
s/Cubic_L2Out_err-eps-converted-to.pdf>]) [43 <C:/Users/pmaginot/Desktop/Work/PGM_Dissertation/Dissertation/chapter2_con
stant_xs/Quartic_L2Out_err-eps-converted-to.pdf>]
(C:\Users\pmaginot\Desktop\Work\PGM_Dissertation\Dissertation\chapter3_variable_xs/chapter3_variable_xs.tex
Chapter 3.

LaTeX Warning: Citation `ragusa_ane' on page 44 undefined on input line 34.

[44



] [45] [46] [47] [48] [49] [50] [51] [52] [53] [54]
! Undefined control sequence.
l.399 \subfigure
                [Linear]{
The control sequence at the end of the top line
of your error message was never \def'ed. If you have
misspelled it (e.g., `\hobx'), type `I' and the correct
spelling (e.g., `I\hbox'). Otherwise just continue,
and I'll forget about whatever was undefined.

<chapter3_variable_xs/Exp_outflow_p1.png, id=460, 578.16pt x 433.62pt>
File: chapter3_variable_xs/Exp_outflow_p1.png Graphic file (type png)
 <use chapter3_variable_xs/Exp_outflow_p1.png>
Package pdftex.def Info: chapter3_variable_xs/Exp_outflow_p1.png used on input line 400.
(pdftex.def)             Requested size: 312.9803pt x 234.73357pt.

! Undefined control sequence.
l.402 \subfigure
                [Quadratic]{
The control sequence at the end of the top line
of your error message was never \def'ed. If you have
misspelled it (e.g., `\hobx'), type `I' and the correct
spelling (e.g., `I\hbox'). Otherwise just continue,
and I'll forget about whatever was undefined.

<chapter3_variable_xs/Exp_outflow_p2.png, id=461, 578.16pt x 433.62pt>
File: chapter3_variable_xs/Exp_outflow_p2.png Graphic file (type png)
 <use chapter3_variable_xs/Exp_outflow_p2.png>
Package pdftex.def Info: chapter3_variable_xs/Exp_outflow_p2.png used on input line 403.
(pdftex.def)             Requested size: 312.9803pt x 234.73357pt.

! Undefined control sequence.
l.405 \subfigure
                [Cubic]{
The control sequence at the end of the top line
of your error message was never \def'ed. If you have
misspelled it (e.g., `\hobx'), type `I' and the correct
spelling (e.g., `I\hbox'). Otherwise just continue,
and I'll forget about whatever was undefined.

<chapter3_variable_xs/Exp_outflow_p3.png, id=462, 578.16pt x 433.62pt>
File: chapter3_variable_xs/Exp_outflow_p3.png Graphic file (type png)
 <use chapter3_variable_xs/Exp_outflow_p3.png>
Package pdftex.def Info: chapter3_variable_xs/Exp_outflow_p3.png used on input line 406.
(pdftex.def)             Requested size: 312.9803pt x 234.73357pt.

! Undefined control sequence.
l.408 \subfigure
                [4-th Order]{
The control sequence at the end of the top line
of your error message was never \def'ed. If you have
misspelled it (e.g., `\hobx'), type `I' and the correct
spelling (e.g., `I\hbox'). Otherwise just continue,
and I'll forget about whatever was undefined.

<chapter3_variable_xs/Exp_outflow_p4.png, id=463, 578.16pt x 433.62pt>
File: chapter3_variable_xs/Exp_outflow_p4.png Graphic file (type png)
 <use chapter3_variable_xs/Exp_outflow_p4.png>
Package pdftex.def Info: chapter3_variable_xs/Exp_outflow_p4.png used on input line 409.
(pdftex.def)             Requested size: 312.9803pt x 234.73357pt.


LaTeX Warning: Float too large for page by 405.47258pt on input line 414.

[55] [56 <C:/Users/pmaginot/Desktop/Work/PGM_Dissertation/Dissertation/chapter3_variable_xs/Exp_outflow_p1.png (PNG copy
)> <C:/Users/pmaginot/Desktop/Work/PGM_Dissertation/Dissertation/chapter3_variable_xs/Exp_outflow_p2.png (PNG copy)> <C:
/Users/pmaginot/Desktop/Work/PGM_Dissertation/Dissertation/chapter3_variable_xs/Exp_outflow_p3.png (PNG copy)> <C:/Users
/pmaginot/Desktop/Work/PGM_Dissertation/Dissertation/chapter3_variable_xs/Exp_outflow_p4.png (PNG copy)>] [57] [58]
! Undefined control sequence.
l.558 \subfigure
                [Linear]{
The control sequence at the end of the top line
of your error message was never \def'ed. If you have
misspelled it (e.g., `\hobx'), type `I' and the correct
spelling (e.g., `I\hbox'). Otherwise just continue,
and I'll forget about whatever was undefined.

<chapter3_variable_xs/P1_VarXS_E_psi_L2.png, id=477, 578.16pt x 433.62pt>
File: chapter3_variable_xs/P1_VarXS_E_psi_L2.png Graphic file (type png)

<use chapter3_variable_xs/P1_VarXS_E_psi_L2.png>
Package pdftex.def Info: chapter3_variable_xs/P1_VarXS_E_psi_L2.png used on input line 559.
(pdftex.def)             Requested size: 312.9803pt x 234.73357pt.

! Undefined control sequence.
l.561 \subfigure
                [Quadratic]{
The control sequence at the end of the top line
of your error message was never \def'ed. If you have
misspelled it (e.g., `\hobx'), type `I' and the correct
spelling (e.g., `I\hbox'). Otherwise just continue,
and I'll forget about whatever was undefined.

<chapter3_variable_xs/P2_VarXS_E_psi_L2.png, id=478, 578.16pt x 433.62pt>
File: chapter3_variable_xs/P2_VarXS_E_psi_L2.png Graphic file (type png)

<use chapter3_variable_xs/P2_VarXS_E_psi_L2.png>
Package pdftex.def Info: chapter3_variable_xs/P2_VarXS_E_psi_L2.png used on input line 562.
(pdftex.def)             Requested size: 312.9803pt x 234.73357pt.

! Undefined control sequence.
l.564 \subfigure
                [Cubic]{
The control sequence at the end of the top line
of your error message was never \def'ed. If you have
misspelled it (e.g., `\hobx'), type `I' and the correct
spelling (e.g., `I\hbox'). Otherwise just continue,
and I'll forget about whatever was undefined.

<chapter3_variable_xs/P3_VarXS_E_psi_L2.png, id=479, 578.16pt x 433.62pt>
File: chapter3_variable_xs/P3_VarXS_E_psi_L2.png Graphic file (type png)

<use chapter3_variable_xs/P3_VarXS_E_psi_L2.png>
Package pdftex.def Info: chapter3_variable_xs/P3_VarXS_E_psi_L2.png used on input line 565.
(pdftex.def)             Requested size: 312.9803pt x 234.73357pt.

! Undefined control sequence.
l.567 \subfigure
                [4-th Order]{
The control sequence at the end of the top line
of your error message was never \def'ed. If you have
misspelled it (e.g., `\hobx'), type `I' and the correct
spelling (e.g., `I\hbox'). Otherwise just continue,
and I'll forget about whatever was undefined.

<chapter3_variable_xs/P4_VarXS_E_psi_L2.png, id=480, 578.16pt x 433.62pt>
File: chapter3_variable_xs/P4_VarXS_E_psi_L2.png Graphic file (type png)

<use chapter3_variable_xs/P4_VarXS_E_psi_L2.png>
Package pdftex.def Info: chapter3_variable_xs/P4_VarXS_E_psi_L2.png used on input line 568.
(pdftex.def)             Requested size: 312.9803pt x 234.73357pt.


LaTeX Warning: Float too large for page by 406.13927pt on input line 573.

! Undefined control sequence.
l.579 \subfigure
                [Linear]{
The control sequence at the end of the top line
of your error message was never \def'ed. If you have
misspelled it (e.g., `\hobx'), type `I' and the correct
spelling (e.g., `I\hbox'). Otherwise just continue,
and I'll forget about whatever was undefined.

<chapter3_variable_xs/P1_VarXS_E_psi_in.png, id=481, 578.16pt x 433.62pt>
File: chapter3_variable_xs/P1_VarXS_E_psi_in.png Graphic file (type png)

<use chapter3_variable_xs/P1_VarXS_E_psi_in.png>
Package pdftex.def Info: chapter3_variable_xs/P1_VarXS_E_psi_in.png used on input line 580.
(pdftex.def)             Requested size: 312.9803pt x 234.73357pt.

! Undefined control sequence.
l.582 \subfigure
                [Quadratic]{
The control sequence at the end of the top line
of your error message was never \def'ed. If you have
misspelled it (e.g., `\hobx'), type `I' and the correct
spelling (e.g., `I\hbox'). Otherwise just continue,
and I'll forget about whatever was undefined.

<chapter3_variable_xs/P2_VarXS_E_psi_in.png, id=482, 578.16pt x 433.62pt>
File: chapter3_variable_xs/P2_VarXS_E_psi_in.png Graphic file (type png)

<use chapter3_variable_xs/P2_VarXS_E_psi_in.png>
Package pdftex.def Info: chapter3_variable_xs/P2_VarXS_E_psi_in.png used on input line 583.
(pdftex.def)             Requested size: 312.9803pt x 234.73357pt.

! Undefined control sequence.
l.585 \subfigure
                [Cubic]{
The control sequence at the end of the top line
of your error message was never \def'ed. If you have
misspelled it (e.g., `\hobx'), type `I' and the correct
spelling (e.g., `I\hbox'). Otherwise just continue,
and I'll forget about whatever was undefined.

<chapter3_variable_xs/P3_VarXS_E_psi_in.png, id=483, 578.16pt x 433.62pt>
File: chapter3_variable_xs/P3_VarXS_E_psi_in.png Graphic file (type png)

<use chapter3_variable_xs/P3_VarXS_E_psi_in.png>
Package pdftex.def Info: chapter3_variable_xs/P3_VarXS_E_psi_in.png used on input line 586.
(pdftex.def)             Requested size: 312.9803pt x 234.73357pt.

! Undefined control sequence.
l.588 \subfigure
                [4-th Order]{
The control sequence at the end of the top line
of your error message was never \def'ed. If you have
misspelled it (e.g., `\hobx'), type `I' and the correct
spelling (e.g., `I\hbox'). Otherwise just continue,
and I'll forget about whatever was undefined.

<chapter3_variable_xs/P4_VarXS_E_psi_in.png, id=484, 578.16pt x 433.62pt>
File: chapter3_variable_xs/P4_VarXS_E_psi_in.png Graphic file (type png)

<use chapter3_variable_xs/P4_VarXS_E_psi_in.png>
Package pdftex.def Info: chapter3_variable_xs/P4_VarXS_E_psi_in.png used on input line 589.
(pdftex.def)             Requested size: 312.9803pt x 234.73357pt.


LaTeX Warning: Float too large for page by 406.13927pt on input line 594.

! Undefined control sequence.
l.600 \subfigure
                [Linear]{
The control sequence at the end of the top line
of your error message was never \def'ed. If you have
misspelled it (e.g., `\hobx'), type `I' and the correct
spelling (e.g., `I\hbox'). Otherwise just continue,
and I'll forget about whatever was undefined.

<chapter3_variable_xs/P1_VarXS_E_psi_A.png, id=485, 578.16pt x 433.62pt>
File: chapter3_variable_xs/P1_VarXS_E_psi_A.png Graphic file (type png)

<use chapter3_variable_xs/P1_VarXS_E_psi_A.png>
Package pdftex.def Info: chapter3_variable_xs/P1_VarXS_E_psi_A.png used on input line 601.
(pdftex.def)             Requested size: 312.9803pt x 234.73357pt.

! Undefined control sequence.
l.603 \subfigure
                [Quadratic]{
The control sequence at the end of the top line
of your error message was never \def'ed. If you have
misspelled it (e.g., `\hobx'), type `I' and the correct
spelling (e.g., `I\hbox'). Otherwise just continue,
and I'll forget about whatever was undefined.

<chapter3_variable_xs/P2_VarXS_E_psi_A.png, id=486, 578.16pt x 433.62pt>
File: chapter3_variable_xs/P2_VarXS_E_psi_A.png Graphic file (type png)

<use chapter3_variable_xs/P2_VarXS_E_psi_A.png>
Package pdftex.def Info: chapter3_variable_xs/P2_VarXS_E_psi_A.png used on input line 604.
(pdftex.def)             Requested size: 312.9803pt x 234.73357pt.

! Undefined control sequence.
l.606 \subfigure
                [Cubic]{
The control sequence at the end of the top line
of your error message was never \def'ed. If you have
misspelled it (e.g., `\hobx'), type `I' and the correct
spelling (e.g., `I\hbox'). Otherwise just continue,
and I'll forget about whatever was undefined.

<chapter3_variable_xs/P3_VarXS_E_psi_A.png, id=487, 578.16pt x 433.62pt>
File: chapter3_variable_xs/P3_VarXS_E_psi_A.png Graphic file (type png)

<use chapter3_variable_xs/P3_VarXS_E_psi_A.png>
Package pdftex.def Info: chapter3_variable_xs/P3_VarXS_E_psi_A.png used on input line 607.
(pdftex.def)             Requested size: 312.9803pt x 234.73357pt.

! Undefined control sequence.
l.609 \subfigure
                [4-th Order]{
The control sequence at the end of the top line
of your error message was never \def'ed. If you have
misspelled it (e.g., `\hobx'), type `I' and the correct
spelling (e.g., `I\hbox'). Otherwise just continue,
and I'll forget about whatever was undefined.

<chapter3_variable_xs/P4_VarXS_E_psi_A.png, id=488, 578.16pt x 433.62pt>
File: chapter3_variable_xs/P4_VarXS_E_psi_A.png Graphic file (type png)

<use chapter3_variable_xs/P4_VarXS_E_psi_A.png>
Package pdftex.def Info: chapter3_variable_xs/P4_VarXS_E_psi_A.png used on input line 610.
(pdftex.def)             Requested size: 312.9803pt x 234.73357pt.


LaTeX Warning: Float too large for page by 406.13927pt on input line 615.

! Undefined control sequence.
l.621 \subfigure
                [Linear]{
The control sequence at the end of the top line
of your error message was never \def'ed. If you have
misspelled it (e.g., `\hobx'), type `I' and the correct
spelling (e.g., `I\hbox'). Otherwise just continue,
and I'll forget about whatever was undefined.

<chapter3_variable_xs/P1_VarXS_E_psi_out.png, id=489, 578.16pt x 433.62pt>
File: chapter3_variable_xs/P1_VarXS_E_psi_out.png Graphic file (type png)

<use chapter3_variable_xs/P1_VarXS_E_psi_out.png>
Package pdftex.def Info: chapter3_variable_xs/P1_VarXS_E_psi_out.png used on input line 622.
(pdftex.def)             Requested size: 312.9803pt x 234.73357pt.

! Undefined control sequence.
l.624 \subfigure
                [Quadratic]{
The control sequence at the end of the top line
of your error message was never \def'ed. If you have
misspelled it (e.g., `\hobx'), type `I' and the correct
spelling (e.g., `I\hbox'). Otherwise just continue,
and I'll forget about whatever was undefined.

<chapter3_variable_xs/P2_VarXS_E_psi_out.png, id=490, 578.16pt x 433.62pt>
File: chapter3_variable_xs/P2_VarXS_E_psi_out.png Graphic file (type png)

<use chapter3_variable_xs/P2_VarXS_E_psi_out.png>
Package pdftex.def Info: chapter3_variable_xs/P2_VarXS_E_psi_out.png used on input line 625.
(pdftex.def)             Requested size: 312.9803pt x 234.73357pt.

! Undefined control sequence.
l.627 \subfigure
                [Cubic]{
The control sequence at the end of the top line
of your error message was never \def'ed. If you have
misspelled it (e.g., `\hobx'), type `I' and the correct
spelling (e.g., `I\hbox'). Otherwise just continue,
and I'll forget about whatever was undefined.

<chapter3_variable_xs/P3_VarXS_E_psi_out.png, id=491, 578.16pt x 433.62pt>
File: chapter3_variable_xs/P3_VarXS_E_psi_out.png Graphic file (type png)

<use chapter3_variable_xs/P3_VarXS_E_psi_out.png>
Package pdftex.def Info: chapter3_variable_xs/P3_VarXS_E_psi_out.png used on input line 628.
(pdftex.def)             Requested size: 312.9803pt x 234.73357pt.

! Undefined control sequence.
l.630 \subfigure
                [4-th Order]{
The control sequence at the end of the top line
of your error message was never \def'ed. If you have
misspelled it (e.g., `\hobx'), type `I' and the correct
spelling (e.g., `I\hbox'). Otherwise just continue,
and I'll forget about whatever was undefined.

<chapter3_variable_xs/P4_VarXS_E_psi_out.png, id=492, 578.16pt x 433.62pt>
File: chapter3_variable_xs/P4_VarXS_E_psi_out.png Graphic file (type png)

<use chapter3_variable_xs/P4_VarXS_E_psi_out.png>
Package pdftex.def Info: chapter3_variable_xs/P4_VarXS_E_psi_out.png used on input line 631.
(pdftex.def)             Requested size: 312.9803pt x 234.73357pt.


LaTeX Warning: Float too large for page by 406.13927pt on input line 636.

! Undefined control sequence.
l.644 \subfigure
                [Linear]{
The control sequence at the end of the top line
of your error message was never \def'ed. If you have
misspelled it (e.g., `\hobx'), type `I' and the correct
spelling (e.g., `I\hbox'). Otherwise just continue,
and I'll forget about whatever was undefined.

<chapter3_variable_xs/P1_VarXS_E_I_L2.png, id=493, 578.16pt x 433.62pt>
File: chapter3_variable_xs/P1_VarXS_E_I_L2.png Graphic file (type png)
 <use chapter3_variable_xs/P1_VarXS_E_I_L2.png>
Package pdftex.def Info: chapter3_variable_xs/P1_VarXS_E_I_L2.png used on input line 645.
(pdftex.def)             Requested size: 312.9803pt x 234.73357pt.

! Undefined control sequence.
l.647 \subfigure
                [Quadratic]{
The control sequence at the end of the top line
of your error message was never \def'ed. If you have
misspelled it (e.g., `\hobx'), type `I' and the correct
spelling (e.g., `I\hbox'). Otherwise just continue,
and I'll forget about whatever was undefined.

<chapter3_variable_xs/P2_VarXS_E_I_L2.png, id=494, 578.16pt x 433.62pt>
File: chapter3_variable_xs/P2_VarXS_E_I_L2.png Graphic file (type png)
 <use chapter3_variable_xs/P2_VarXS_E_I_L2.png>
Package pdftex.def Info: chapter3_variable_xs/P2_VarXS_E_I_L2.png used on input line 648.
(pdftex.def)             Requested size: 312.9803pt x 234.73357pt.

! Undefined control sequence.
l.650 \subfigure
                [Cubic]{
The control sequence at the end of the top line
of your error message was never \def'ed. If you have
misspelled it (e.g., `\hobx'), type `I' and the correct
spelling (e.g., `I\hbox'). Otherwise just continue,
and I'll forget about whatever was undefined.

<chapter3_variable_xs/P3_VarXS_E_I_L2.png, id=495, 578.16pt x 433.62pt>
File: chapter3_variable_xs/P3_VarXS_E_I_L2.png Graphic file (type png)
 <use chapter3_variable_xs/P3_VarXS_E_I_L2.png>
Package pdftex.def Info: chapter3_variable_xs/P3_VarXS_E_I_L2.png used on input line 651.
(pdftex.def)             Requested size: 312.9803pt x 234.73357pt.

! Undefined control sequence.
l.653 \subfigure
                [4-th Order]{
The control sequence at the end of the top line
of your error message was never \def'ed. If you have
misspelled it (e.g., `\hobx'), type `I' and the correct
spelling (e.g., `I\hbox'). Otherwise just continue,
and I'll forget about whatever was undefined.

<chapter3_variable_xs/P4_VarXS_E_I_L2.png, id=496, 578.16pt x 433.62pt>
File: chapter3_variable_xs/P4_VarXS_E_I_L2.png Graphic file (type png)
 <use chapter3_variable_xs/P4_VarXS_E_I_L2.png>
Package pdftex.def Info: chapter3_variable_xs/P4_VarXS_E_I_L2.png used on input line 654.
(pdftex.def)             Requested size: 312.9803pt x 234.73357pt.


LaTeX Warning: Float too large for page by 406.13927pt on input line 659.

! Undefined control sequence.
l.665 \subfigure
                [Linear]{
The control sequence at the end of the top line
of your error message was never \def'ed. If you have
misspelled it (e.g., `\hobx'), type `I' and the correct
spelling (e.g., `I\hbox'). Otherwise just continue,
and I'll forget about whatever was undefined.

<chapter3_variable_xs/P1_VarXS_E_I_A.png, id=497, 578.16pt x 433.62pt>
File: chapter3_variable_xs/P1_VarXS_E_I_A.png Graphic file (type png)
 <use chapter3_variable_xs/P1_VarXS_E_I_A.png>
Package pdftex.def Info: chapter3_variable_xs/P1_VarXS_E_I_A.png used on input line 666.
(pdftex.def)             Requested size: 312.9803pt x 234.73357pt.

! Undefined control sequence.
l.668 \subfigure
                [Quadratic]{
The control sequence at the end of the top line
of your error message was never \def'ed. If you have
misspelled it (e.g., `\hobx'), type `I' and the correct
spelling (e.g., `I\hbox'). Otherwise just continue,
and I'll forget about whatever was undefined.

<chapter3_variable_xs/P2_VarXS_E_I_A.png, id=498, 578.16pt x 433.62pt>
File: chapter3_variable_xs/P2_VarXS_E_I_A.png Graphic file (type png)
 <use chapter3_variable_xs/P2_VarXS_E_I_A.png>
Package pdftex.def Info: chapter3_variable_xs/P2_VarXS_E_I_A.png used on input line 669.
(pdftex.def)             Requested size: 312.9803pt x 234.73357pt.

! Undefined control sequence.
l.671 \subfigure
                [Cubic]{
The control sequence at the end of the top line
of your error message was never \def'ed. If you have
misspelled it (e.g., `\hobx'), type `I' and the correct
spelling (e.g., `I\hbox'). Otherwise just continue,
and I'll forget about whatever was undefined.

<chapter3_variable_xs/P3_VarXS_E_I_A.png, id=499, 578.16pt x 433.62pt>
File: chapter3_variable_xs/P3_VarXS_E_I_A.png Graphic file (type png)
 <use chapter3_variable_xs/P3_VarXS_E_I_A.png>
Package pdftex.def Info: chapter3_variable_xs/P3_VarXS_E_I_A.png used on input line 672.
(pdftex.def)             Requested size: 312.9803pt x 234.73357pt.

! Undefined control sequence.
l.674 \subfigure
                [4-th Order]{
The control sequence at the end of the top line
of your error message was never \def'ed. If you have
misspelled it (e.g., `\hobx'), type `I' and the correct
spelling (e.g., `I\hbox'). Otherwise just continue,
and I'll forget about whatever was undefined.

<chapter3_variable_xs/P4_VarXS_E_I_A.png, id=500, 578.16pt x 433.62pt>
File: chapter3_variable_xs/P4_VarXS_E_I_A.png Graphic file (type png)
 <use chapter3_variable_xs/P4_VarXS_E_I_A.png>
Package pdftex.def Info: chapter3_variable_xs/P4_VarXS_E_I_A.png used on input line 675.
(pdftex.def)             Requested size: 312.9803pt x 234.73357pt.


LaTeX Warning: Float too large for page by 406.13927pt on input line 680.

[59] [60] [61 <C:/Users/pmaginot/Desktop/Work/PGM_Dissertation/Dissertation/chapter3_variable_xs/P1_VarXS_E_psi_L2.png (
PNG copy)> <C:/Users/pmaginot/Desktop/Work/PGM_Dissertation/Dissertation/chapter3_variable_xs/P2_VarXS_E_psi_L2.png (PNG
 copy)> <C:/Users/pmaginot/Desktop/Work/PGM_Dissertation/Dissertation/chapter3_variable_xs/P3_VarXS_E_psi_L2.png (PNG co
py)> <C:/Users/pmaginot/Desktop/Work/PGM_Dissertation/Dissertation/chapter3_variable_xs/P4_VarXS_E_psi_L2.png (PNG copy)
>] [62 <C:/Users/pmaginot/Desktop/Work/PGM_Dissertation/Dissertation/chapter3_variable_xs/P1_VarXS_E_psi_in.png (PNG cop
y)> <C:/Users/pmaginot/Desktop/Work/PGM_Dissertation/Dissertation/chapter3_variable_xs/P2_VarXS_E_psi_in.png (PNG copy)>
 <C:/Users/pmaginot/Desktop/Work/PGM_Dissertation/Dissertation/chapter3_variable_xs/P3_VarXS_E_psi_in.png (PNG copy)> <C
:/Users/pmaginot/Desktop/Work/PGM_Dissertation/Dissertation/chapter3_variable_xs/P4_VarXS_E_psi_in.png (PNG copy)>]
[63 <C:/Users/pmaginot/Desktop/Work/PGM_Dissertation/Dissertation/chapter3_variable_xs/P1_VarXS_E_psi_A.png (PNG copy)> 
<C:/Users/pmaginot/Desktop/Work/PGM_Dissertation/Dissertation/chapter3_variable_xs/P2_VarXS_E_psi_A.png (PNG copy)> <C:/
Users/pmaginot/Desktop/Work/PGM_Dissertation/Dissertation/chapter3_variable_xs/P3_VarXS_E_psi_A.png (PNG copy)> <C:/User
s/pmaginot/Desktop/Work/PGM_Dissertation/Dissertation/chapter3_variable_xs/P4_VarXS_E_psi_A.png (PNG copy)>] [64 <C:/Use
rs/pmaginot/Desktop/Work/PGM_Dissertation/Dissertation/chapter3_variable_xs/P1_VarXS_E_psi_out.png (PNG copy)> <C:/Users
/pmaginot/Desktop/Work/PGM_Dissertation/Dissertation/chapter3_variable_xs/P2_VarXS_E_psi_out.png (PNG copy)> <C:/Users/p
maginot/Desktop/Work/PGM_Dissertation/Dissertation/chapter3_variable_xs/P3_VarXS_E_psi_out.png (PNG copy)> <C:/Users/pma
ginot/Desktop/Work/PGM_Dissertation/Dissertation/chapter3_variable_xs/P4_VarXS_E_psi_out.png (PNG copy)>] [65 <C:/Users/
pmaginot/Desktop/Work/PGM_Dissertation/Dissertation/chapter3_variable_xs/P1_VarXS_E_I_L2.png (PNG copy)> <C:/Users/pmagi
not/Desktop/Work/PGM_Dissertation/Dissertation/chapter3_variable_xs/P2_VarXS_E_I_L2.png (PNG copy)> <C:/Users/pmaginot/D
esktop/Work/PGM_Dissertation/Dissertation/chapter3_variable_xs/P3_VarXS_E_I_L2.png (PNG copy)> <C:/Users/pmaginot/Deskto
p/Work/PGM_Dissertation/Dissertation/chapter3_variable_xs/P4_VarXS_E_I_L2.png (PNG copy)>] [66 <C:/Users/pmaginot/Deskto
p/Work/PGM_Dissertation/Dissertation/chapter3_variable_xs/P1_VarXS_E_I_A.png (PNG copy)> <C:/Users/pmaginot/Desktop/Work
/PGM_Dissertation/Dissertation/chapter3_variable_xs/P2_VarXS_E_I_A.png (PNG copy)> <C:/Users/pmaginot/Desktop/Work/PGM_D
issertation/Dissertation/chapter3_variable_xs/P3_VarXS_E_I_A.png (PNG copy)> <C:/Users/pmaginot/Desktop/Work/PGM_Dissert
ation/Dissertation/chapter3_variable_xs/P4_VarXS_E_I_A.png (PNG copy)>] [67] [68]
! Undefined control sequence.
l.734 \subfigure
                [Angular Flux]{
The control sequence at the end of the top line
of your error message was never \def'ed. If you have
misspelled it (e.g., `\hobx'), type `I' and the correct
spelling (e.g., `I\hbox'). Otherwise just continue,
and I'll forget about whatever was undefined.

<chapter3_variable_xs/Psi_Blades.png, id=533, 578.16pt x 433.62pt>
File: chapter3_variable_xs/Psi_Blades.png Graphic file (type png)
 <use chapter3_variable_xs/Psi_Blades.png>
Package pdftex.def Info: chapter3_variable_xs/Psi_Blades.png used on input line 735.
(pdftex.def)             Requested size: 312.9803pt x 234.73357pt.

! Undefined control sequence.
l.738 \subfigure
                [Reaction Rate]{
The control sequence at the end of the top line
of your error message was never \def'ed. If you have
misspelled it (e.g., `\hobx'), type `I' and the correct
spelling (e.g., `I\hbox'). Otherwise just continue,
and I'll forget about whatever was undefined.

<chapter3_variable_xs/I_Blades.png, id=534, 578.16pt x 433.62pt>
File: chapter3_variable_xs/I_Blades.png Graphic file (type png)
 <use chapter3_variable_xs/I_Blades.png>
Package pdftex.def Info: chapter3_variable_xs/I_Blades.png used on input line 739.
(pdftex.def)             Requested size: 312.9803pt x 234.73357pt.

! Undefined control sequence.
l.767 \subfigure
                [Angular Flux]{
The control sequence at the end of the top line
of your error message was never \def'ed. If you have
misspelled it (e.g., `\hobx'), type `I' and the correct
spelling (e.g., `I\hbox'). Otherwise just continue,
and I'll forget about whatever was undefined.

<chapter3_variable_xs/SLXS_Psi_Profile.png, id=535, 578.16pt x 433.62pt>
File: chapter3_variable_xs/SLXS_Psi_Profile.png Graphic file (type png)

<use chapter3_variable_xs/SLXS_Psi_Profile.png>
Package pdftex.def Info: chapter3_variable_xs/SLXS_Psi_Profile.png used on input line 768.
(pdftex.def)             Requested size: 312.9803pt x 234.73357pt.

! Undefined control sequence.
l.770 \subfigure
                [Reaction Rate]{
The control sequence at the end of the top line
of your error message was never \def'ed. If you have
misspelled it (e.g., `\hobx'), type `I' and the correct
spelling (e.g., `I\hbox'). Otherwise just continue,
and I'll forget about whatever was undefined.

<chapter3_variable_xs/SLXS_I_Profile.png, id=536, 578.16pt x 433.62pt>
File: chapter3_variable_xs/SLXS_I_Profile.png Graphic file (type png)
 <use chapter3_variable_xs/SLXS_I_Profile.png>
Package pdftex.def Info: chapter3_variable_xs/SLXS_I_Profile.png used on input line 771.
(pdftex.def)             Requested size: 312.9803pt x 234.73357pt.

[69] [70 <C:/Users/pmaginot/Desktop/Work/PGM_Dissertation/Dissertation/chapter3_variable_xs/Psi_Blades.png (PNG copy)> <
C:/Users/pmaginot/Desktop/Work/PGM_Dissertation/Dissertation/chapter3_variable_xs/I_Blades.png (PNG copy)>] [71 <C:/User
s/pmaginot/Desktop/Work/PGM_Dissertation/Dissertation/chapter3_variable_xs/SLXS_Psi_Profile.png (PNG copy)> <C:/Users/pm
aginot/Desktop/Work/PGM_Dissertation/Dissertation/chapter3_variable_xs/SLXS_I_Profile.png (PNG copy)>]
! Undefined control sequence.
l.792 \subfigure
                [Angular Flux]{
The control sequence at the end of the top line
of your error message was never \def'ed. If you have
misspelled it (e.g., `\hobx'), type `I' and the correct
spelling (e.g., `I\hbox'). Otherwise just continue,
and I'll forget about whatever was undefined.

<chapter3_variable_xs/CXS_Psi_A_Profile.png, id=546, 578.16pt x 433.62pt>
File: chapter3_variable_xs/CXS_Psi_A_Profile.png Graphic file (type png)

<use chapter3_variable_xs/CXS_Psi_A_Profile.png>
Package pdftex.def Info: chapter3_variable_xs/CXS_Psi_A_Profile.png used on input line 793.
(pdftex.def)             Requested size: 312.9803pt x 234.73357pt.

! Undefined control sequence.
l.795 \subfigure
                [Reaction Rate]{
The control sequence at the end of the top line
of your error message was never \def'ed. If you have
misspelled it (e.g., `\hobx'), type `I' and the correct
spelling (e.g., `I\hbox'). Otherwise just continue,
and I'll forget about whatever was undefined.

<chapter3_variable_xs/CXS_I_A_Profile.png, id=547, 578.16pt x 433.62pt>
File: chapter3_variable_xs/CXS_I_A_Profile.png Graphic file (type png)
 <use chapter3_variable_xs/CXS_I_A_Profile.png>
Package pdftex.def Info: chapter3_variable_xs/CXS_I_A_Profile.png used on input line 796.
(pdftex.def)             Requested size: 312.9803pt x 234.73357pt.


LaTeX Warning: Citation `bell_glasstone' on page 72 undefined on input line 830.

[72] [73 <C:/Users/pmaginot/Desktop/Work/PGM_Dissertation/Dissertation/chapter3_variable_xs/CXS_Psi_A_Profile.png (PNG c
opy)> <C:/Users/pmaginot/Desktop/Work/PGM_Dissertation/Dissertation/chapter3_variable_xs/CXS_I_A_Profile.png (PNG copy)>
]
! Undefined control sequence.
l.846 \subfigure
                [$E_{\psi}$]{
The control sequence at the end of the top line
of your error message was never \def'ed. If you have
misspelled it (e.g., `\hobx'), type `I' and the correct
spelling (e.g., `I\hbox'). Otherwise just continue,
and I'll forget about whatever was undefined.

<chapter3_variable_xs/FW_XS_P3_VarXS_E_psi_L2.png, id=555, 578.16pt x 433.62pt>
File: chapter3_variable_xs/FW_XS_P3_VarXS_E_psi_L2.png Graphic file (type png)

<use chapter3_variable_xs/FW_XS_P3_VarXS_E_psi_L2.png>
Package pdftex.def Info: chapter3_variable_xs/FW_XS_P3_VarXS_E_psi_L2.png used on input line 847.
(pdftex.def)             Requested size: 312.9803pt x 234.73357pt.

! Undefined control sequence.
l.849 \subfigure
                [$E_{\psi_A}$]{
The control sequence at the end of the top line
of your error message was never \def'ed. If you have
misspelled it (e.g., `\hobx'), type `I' and the correct
spelling (e.g., `I\hbox'). Otherwise just continue,
and I'll forget about whatever was undefined.

<chapter3_variable_xs/FW_XS_P3_VarXS_E_psi_A.png, id=556, 578.16pt x 433.62pt>
File: chapter3_variable_xs/FW_XS_P3_VarXS_E_psi_A.png Graphic file (type png)

<use chapter3_variable_xs/FW_XS_P3_VarXS_E_psi_A.png>
Package pdftex.def Info: chapter3_variable_xs/FW_XS_P3_VarXS_E_psi_A.png used on input line 850.
(pdftex.def)             Requested size: 312.9803pt x 234.73357pt.

! Undefined control sequence.
l.852 \subfigure
                [$E_{IR}$]{
The control sequence at the end of the top line
of your error message was never \def'ed. If you have
misspelled it (e.g., `\hobx'), type `I' and the correct
spelling (e.g., `I\hbox'). Otherwise just continue,
and I'll forget about whatever was undefined.

<chapter3_variable_xs/FW_XS_P3_VarXS_E_I_L2.png, id=557, 578.16pt x 433.62pt>
File: chapter3_variable_xs/FW_XS_P3_VarXS_E_I_L2.png Graphic file (type png)

<use chapter3_variable_xs/FW_XS_P3_VarXS_E_I_L2.png>
Package pdftex.def Info: chapter3_variable_xs/FW_XS_P3_VarXS_E_I_L2.png used on input line 853.
(pdftex.def)             Requested size: 312.9803pt x 234.73357pt.

! Undefined control sequence.
l.855 \subfigure
                [$E_{IR_A}$]{
The control sequence at the end of the top line
of your error message was never \def'ed. If you have
misspelled it (e.g., `\hobx'), type `I' and the correct
spelling (e.g., `I\hbox'). Otherwise just continue,
and I'll forget about whatever was undefined.

<chapter3_variable_xs/FW_XS_P3_VarXS_E_I_A.png, id=558, 578.16pt x 433.62pt>
File: chapter3_variable_xs/FW_XS_P3_VarXS_E_I_A.png Graphic file (type png)

<use chapter3_variable_xs/FW_XS_P3_VarXS_E_I_A.png>
Package pdftex.def Info: chapter3_variable_xs/FW_XS_P3_VarXS_E_I_A.png used on input line 856.
(pdftex.def)             Requested size: 312.9803pt x 234.73357pt.


LaTeX Warning: Float too large for page by 405.97256pt on input line 861.

! Undefined control sequence.
l.867 \subfigure
                [Angular Flux]{
The control sequence at the end of the top line
of your error message was never \def'ed. If you have
misspelled it (e.g., `\hobx'), type `I' and the correct
spelling (e.g., `I\hbox'). Otherwise just continue,
and I'll forget about whatever was undefined.

<chapter3_variable_xs/FW_Psi_Blades.png, id=559, 578.16pt x 433.62pt>
File: chapter3_variable_xs/FW_Psi_Blades.png Graphic file (type png)
 <use chapter3_variable_xs/FW_Psi_Blades.png>
Package pdftex.def Info: chapter3_variable_xs/FW_Psi_Blades.png used on input line 868.
(pdftex.def)             Requested size: 312.9803pt x 234.73357pt.

! Undefined control sequence.
l.870 \subfigure
                [Reaction Rate]{
The control sequence at the end of the top line
of your error message was never \def'ed. If you have
misspelled it (e.g., `\hobx'), type `I' and the correct
spelling (e.g., `I\hbox'). Otherwise just continue,
and I'll forget about whatever was undefined.

<chapter3_variable_xs/FW_I_Blades.png, id=560, 578.16pt x 433.62pt>
File: chapter3_variable_xs/FW_I_Blades.png Graphic file (type png)
 <use chapter3_variable_xs/FW_I_Blades.png>
Package pdftex.def Info: chapter3_variable_xs/FW_I_Blades.png used on input line 871.
(pdftex.def)             Requested size: 312.9803pt x 234.73357pt.


LaTeX Warning: Reference `tbl:spacing_labels' on page 74 undefined on input line 886.


LaTeX Warning: Reference `sec:mesh_gen' on page 74 undefined on input line 888.

[74] [75 <C:/Users/pmaginot/Desktop/Work/PGM_Dissertation/Dissertation/chapter3_variable_xs/FW_XS_P3_VarXS_E_psi_L2.png 
(PNG copy)> <C:/Users/pmaginot/Desktop/Work/PGM_Dissertation/Dissertation/chapter3_variable_xs/FW_XS_P3_VarXS_E_psi_A.pn
g (PNG copy)> <C:/Users/pmaginot/Desktop/Work/PGM_Dissertation/Dissertation/chapter3_variable_xs/FW_XS_P3_VarXS_E_I_L2.p
ng (PNG copy)> <C:/Users/pmaginot/Desktop/Work/PGM_Dissertation/Dissertation/chapter3_variable_xs/FW_XS_P3_VarXS_E_I_A.p
ng (PNG copy)>] [76 <C:/Users/pmaginot/Desktop/Work/PGM_Dissertation/Dissertation/chapter3_variable_xs/FW_Psi_Blades.png
 (PNG copy)> <C:/Users/pmaginot/Desktop/Work/PGM_Dissertation/Dissertation/chapter3_variable_xs/FW_I_Blades.png (PNG cop
y)>]

LaTeX Warning: Reference `tbl:spacing_labels' on page 77 undefined on input line 892.

[77]
! Undefined control sequence.
l.937 \subfigure
                [$E_{\psi}$]{
The control sequence at the end of the top line
of your error message was never \def'ed. If you have
misspelled it (e.g., `\hobx'), type `I' and the correct
spelling (e.g., `I\hbox'). Otherwise just continue,
and I'll forget about whatever was undefined.

<chapter3_variable_xs/P2_LOBATTO_E_PSI.png, id=573, 578.16pt x 433.62pt>
File: chapter3_variable_xs/P2_LOBATTO_E_PSI.png Graphic file (type png)

<use chapter3_variable_xs/P2_LOBATTO_E_PSI.png>
Package pdftex.def Info: chapter3_variable_xs/P2_LOBATTO_E_PSI.png used on input line 938.
(pdftex.def)             Requested size: 312.9803pt x 234.73357pt.

! Undefined control sequence.
l.940 \subfigure
                [$E_{\psi_A}$]{
The control sequence at the end of the top line
of your error message was never \def'ed. If you have
misspelled it (e.g., `\hobx'), type `I' and the correct
spelling (e.g., `I\hbox'). Otherwise just continue,
and I'll forget about whatever was undefined.

<chapter3_variable_xs/P2_LOBATTO_E_PSI_A.png, id=574, 578.16pt x 433.62pt>
File: chapter3_variable_xs/P2_LOBATTO_E_PSI_A.png Graphic file (type png)

<use chapter3_variable_xs/P2_LOBATTO_E_PSI_A.png>
Package pdftex.def Info: chapter3_variable_xs/P2_LOBATTO_E_PSI_A.png used on input line 941.
(pdftex.def)             Requested size: 312.9803pt x 234.73357pt.

! Undefined control sequence.
l.943 \subfigure
                [$E_{IR}$]{
The control sequence at the end of the top line
of your error message was never \def'ed. If you have
misspelled it (e.g., `\hobx'), type `I' and the correct
spelling (e.g., `I\hbox'). Otherwise just continue,
and I'll forget about whatever was undefined.

<chapter3_variable_xs/P2_LOBATTO_E_IR.png, id=575, 578.16pt x 433.62pt>
File: chapter3_variable_xs/P2_LOBATTO_E_IR.png Graphic file (type png)
 <use chapter3_variable_xs/P2_LOBATTO_E_IR.png>
Package pdftex.def Info: chapter3_variable_xs/P2_LOBATTO_E_IR.png used on input line 944.
(pdftex.def)             Requested size: 312.9803pt x 234.73357pt.

! Undefined control sequence.
l.946 \subfigure
                [$E_{IR_A}$]{
The control sequence at the end of the top line
of your error message was never \def'ed. If you have
misspelled it (e.g., `\hobx'), type `I' and the correct
spelling (e.g., `I\hbox'). Otherwise just continue,
and I'll forget about whatever was undefined.

<chapter3_variable_xs/P2_LOBATTO_E_IR_A.png, id=576, 578.16pt x 433.62pt>
File: chapter3_variable_xs/P2_LOBATTO_E_IR_A.png Graphic file (type png)

<use chapter3_variable_xs/P2_LOBATTO_E_IR_A.png>
Package pdftex.def Info: chapter3_variable_xs/P2_LOBATTO_E_IR_A.png used on input line 947.
(pdftex.def)             Requested size: 312.9803pt x 234.73357pt.


LaTeX Warning: Float too large for page by 391.47256pt on input line 952.

! Undefined control sequence.
l.957 \subfigure
                [$E_{\psi}$]{
The control sequence at the end of the top line
of your error message was never \def'ed. If you have
misspelled it (e.g., `\hobx'), type `I' and the correct
spelling (e.g., `I\hbox'). Otherwise just continue,
and I'll forget about whatever was undefined.

<chapter3_variable_xs/LOW_RES_P2_LOBATTO_E_PSI.png, id=577, 578.16pt x 433.62pt>
File: chapter3_variable_xs/LOW_RES_P2_LOBATTO_E_PSI.png Graphic file (type png)

<use chapter3_variable_xs/LOW_RES_P2_LOBATTO_E_PSI.png>
Package pdftex.def Info: chapter3_variable_xs/LOW_RES_P2_LOBATTO_E_PSI.png used on input line 958.
(pdftex.def)             Requested size: 312.9803pt x 234.73357pt.

! Undefined control sequence.
l.960 \subfigure
                [$E_{\psi_A}$]{
The control sequence at the end of the top line
of your error message was never \def'ed. If you have
misspelled it (e.g., `\hobx'), type `I' and the correct
spelling (e.g., `I\hbox'). Otherwise just continue,
and I'll forget about whatever was undefined.

<chapter3_variable_xs/LOW_RES_P2_LOBATTO_E_PSI_A.png, id=578, 578.16pt x 433.62pt>
File: chapter3_variable_xs/LOW_RES_P2_LOBATTO_E_PSI_A.png Graphic file (type png)

<use chapter3_variable_xs/LOW_RES_P2_LOBATTO_E_PSI_A.png>
Package pdftex.def Info: chapter3_variable_xs/LOW_RES_P2_LOBATTO_E_PSI_A.png used on input line 961.
(pdftex.def)             Requested size: 312.9803pt x 234.73357pt.

! Undefined control sequence.
l.963 \subfigure
                [$E_{IR}$]{
The control sequence at the end of the top line
of your error message was never \def'ed. If you have
misspelled it (e.g., `\hobx'), type `I' and the correct
spelling (e.g., `I\hbox'). Otherwise just continue,
and I'll forget about whatever was undefined.

<chapter3_variable_xs/LOW_RES_P2_LOBATTO_E_IR.png, id=579, 578.16pt x 433.62pt>
File: chapter3_variable_xs/LOW_RES_P2_LOBATTO_E_IR.png Graphic file (type png)

<use chapter3_variable_xs/LOW_RES_P2_LOBATTO_E_IR.png>
Package pdftex.def Info: chapter3_variable_xs/LOW_RES_P2_LOBATTO_E_IR.png used on input line 964.
(pdftex.def)             Requested size: 312.9803pt x 234.73357pt.

! Undefined control sequence.
l.966 \subfigure
                [$E_{IR_A}$]{
The control sequence at the end of the top line
of your error message was never \def'ed. If you have
misspelled it (e.g., `\hobx'), type `I' and the correct
spelling (e.g., `I\hbox'). Otherwise just continue,
and I'll forget about whatever was undefined.

<chapter3_variable_xs/LOW_RES_P2_LOBATTO_E_IR_A.png, id=580, 578.16pt x 433.62pt>
File: chapter3_variable_xs/LOW_RES_P2_LOBATTO_E_IR_A.png Graphic file (type png)

<use chapter3_variable_xs/LOW_RES_P2_LOBATTO_E_IR_A.png>
Package pdftex.def Info: chapter3_variable_xs/LOW_RES_P2_LOBATTO_E_IR_A.png used on input line 967.
(pdftex.def)             Requested size: 312.9803pt x 234.73357pt.


LaTeX Warning: Float too large for page by 391.47256pt on input line 972.

! Undefined control sequence.
l.977 \subfigure
                [$E_{\psi}$]{
The control sequence at the end of the top line
of your error message was never \def'ed. If you have
misspelled it (e.g., `\hobx'), type `I' and the correct
spelling (e.g., `I\hbox'). Otherwise just continue,
and I'll forget about whatever was undefined.

<chapter3_variable_xs/LOW_RES_P2_GAUSS_E_PSI.png, id=581, 578.16pt x 433.62pt>
File: chapter3_variable_xs/LOW_RES_P2_GAUSS_E_PSI.png Graphic file (type png)

<use chapter3_variable_xs/LOW_RES_P2_GAUSS_E_PSI.png>
Package pdftex.def Info: chapter3_variable_xs/LOW_RES_P2_GAUSS_E_PSI.png used on input line 978.
(pdftex.def)             Requested size: 312.9803pt x 234.73357pt.

! Undefined control sequence.
l.980 \subfigure
                [$E_{\psi_A}$]{
The control sequence at the end of the top line
of your error message was never \def'ed. If you have
misspelled it (e.g., `\hobx'), type `I' and the correct
spelling (e.g., `I\hbox'). Otherwise just continue,
and I'll forget about whatever was undefined.

<chapter3_variable_xs/LOW_RES_P2_GAUSS_E_PSI_A.png, id=582, 578.16pt x 433.62pt>
File: chapter3_variable_xs/LOW_RES_P2_GAUSS_E_PSI_A.png Graphic file (type png)

<use chapter3_variable_xs/LOW_RES_P2_GAUSS_E_PSI_A.png>
Package pdftex.def Info: chapter3_variable_xs/LOW_RES_P2_GAUSS_E_PSI_A.png used on input line 981.
(pdftex.def)             Requested size: 312.9803pt x 234.73357pt.

! Undefined control sequence.
l.983 \subfigure
                [$E_{IR}$]{
The control sequence at the end of the top line
of your error message was never \def'ed. If you have
misspelled it (e.g., `\hobx'), type `I' and the correct
spelling (e.g., `I\hbox'). Otherwise just continue,
and I'll forget about whatever was undefined.

<chapter3_variable_xs/LOW_RES_P2_GAUSS_E_IR.png, id=583, 578.16pt x 433.62pt>
File: chapter3_variable_xs/LOW_RES_P2_GAUSS_E_IR.png Graphic file (type png)

<use chapter3_variable_xs/LOW_RES_P2_GAUSS_E_IR.png>
Package pdftex.def Info: chapter3_variable_xs/LOW_RES_P2_GAUSS_E_IR.png used on input line 984.
(pdftex.def)             Requested size: 312.9803pt x 234.73357pt.

! Undefined control sequence.
l.986 \subfigure
                [$E_{IR_A}$]{
The control sequence at the end of the top line
of your error message was never \def'ed. If you have
misspelled it (e.g., `\hobx'), type `I' and the correct
spelling (e.g., `I\hbox'). Otherwise just continue,
and I'll forget about whatever was undefined.

<chapter3_variable_xs/LOW_RES_P2_GAUSS_E_IR_A.png, id=584, 578.16pt x 433.62pt>
File: chapter3_variable_xs/LOW_RES_P2_GAUSS_E_IR_A.png Graphic file (type png)

<use chapter3_variable_xs/LOW_RES_P2_GAUSS_E_IR_A.png>
Package pdftex.def Info: chapter3_variable_xs/LOW_RES_P2_GAUSS_E_IR_A.png used on input line 987.
(pdftex.def)             Requested size: 312.9803pt x 234.73357pt.


LaTeX Warning: Float too large for page by 391.47256pt on input line 992.

! Undefined control sequence.
l.997 \subfigure
                [$E_{\psi}$]{
The control sequence at the end of the top line
of your error message was never \def'ed. If you have
misspelled it (e.g., `\hobx'), type `I' and the correct
spelling (e.g., `I\hbox'). Otherwise just continue,
and I'll forget about whatever was undefined.

<chapter3_variable_xs/LOW_RES_P2_CXS_E_PSI.png, id=585, 578.16pt x 433.62pt>
File: chapter3_variable_xs/LOW_RES_P2_CXS_E_PSI.png Graphic file (type png)

<use chapter3_variable_xs/LOW_RES_P2_CXS_E_PSI.png>
Package pdftex.def Info: chapter3_variable_xs/LOW_RES_P2_CXS_E_PSI.png used on input line 998.
(pdftex.def)             Requested size: 312.9803pt x 234.73357pt.

! Undefined control sequence.
l.1000 \subfigure
                 [$E_{\psi_A}$]{
The control sequence at the end of the top line
of your error message was never \def'ed. If you have
misspelled it (e.g., `\hobx'), type `I' and the correct
spelling (e.g., `I\hbox'). Otherwise just continue,
and I'll forget about whatever was undefined.

<chapter3_variable_xs/LOW_RES_P2_CXS_E_PSI_A.png, id=586, 578.16pt x 433.62pt>
File: chapter3_variable_xs/LOW_RES_P2_CXS_E_PSI_A.png Graphic file (type png)

<use chapter3_variable_xs/LOW_RES_P2_CXS_E_PSI_A.png>
Package pdftex.def Info: chapter3_variable_xs/LOW_RES_P2_CXS_E_PSI_A.png used on input line 1001.
(pdftex.def)             Requested size: 312.9803pt x 234.73357pt.

! Undefined control sequence.
l.1003 \subfigure
                 [$E_{IR}$]{
The control sequence at the end of the top line
of your error message was never \def'ed. If you have
misspelled it (e.g., `\hobx'), type `I' and the correct
spelling (e.g., `I\hbox'). Otherwise just continue,
and I'll forget about whatever was undefined.

<chapter3_variable_xs/LOW_RES_P2_CXS_E_IR.png, id=587, 578.16pt x 433.62pt>
File: chapter3_variable_xs/LOW_RES_P2_CXS_E_IR.png Graphic file (type png)

<use chapter3_variable_xs/LOW_RES_P2_CXS_E_IR.png>
Package pdftex.def Info: chapter3_variable_xs/LOW_RES_P2_CXS_E_IR.png used on input line 1004.
(pdftex.def)             Requested size: 312.9803pt x 234.73357pt.

! Undefined control sequence.
l.1006 \subfigure
                 [$E_{IR_A}$]{
The control sequence at the end of the top line
of your error message was never \def'ed. If you have
misspelled it (e.g., `\hobx'), type `I' and the correct
spelling (e.g., `I\hbox'). Otherwise just continue,
and I'll forget about whatever was undefined.

<chapter3_variable_xs/LOW_RES_P2_CXS_E_IR_A.png, id=588, 578.16pt x 433.62pt>
File: chapter3_variable_xs/LOW_RES_P2_CXS_E_IR_A.png Graphic file (type png)

<use chapter3_variable_xs/LOW_RES_P2_CXS_E_IR_A.png>
Package pdftex.def Info: chapter3_variable_xs/LOW_RES_P2_CXS_E_IR_A.png used on input line 1007.
(pdftex.def)             Requested size: 312.9803pt x 234.73357pt.


LaTeX Warning: Float too large for page by 391.47256pt on input line 1012.

[78] [79 <C:/Users/pmaginot/Desktop/Work/PGM_Dissertation/Dissertation/chapter3_variable_xs/P2_LOBATTO_E_PSI.png (PNG co
py)> <C:/Users/pmaginot/Desktop/Work/PGM_Dissertation/Dissertation/chapter3_variable_xs/P2_LOBATTO_E_PSI_A.png (PNG copy
)> <C:/Users/pmaginot/Desktop/Work/PGM_Dissertation/Dissertation/chapter3_variable_xs/P2_LOBATTO_E_IR.png (PNG copy)> <C
:/Users/pmaginot/Desktop/Work/PGM_Dissertation/Dissertation/chapter3_variable_xs/P2_LOBATTO_E_IR_A.png (PNG copy)>])
[80] [81 <C:/Users/pmaginot/Desktop/Work/PGM_Dissertation/Dissertation/chapter3_variable_xs/LOW_RES_P2_LOBATTO_E_PSI.png
 (PNG copy)> <C:/Users/pmaginot/Desktop/Work/PGM_Dissertation/Dissertation/chapter3_variable_xs/LOW_RES_P2_LOBATTO_E_PSI
_A.png (PNG copy)> <C:/Users/pmaginot/Desktop/Work/PGM_Dissertation/Dissertation/chapter3_variable_xs/LOW_RES_P2_LOBATTO
_E_IR.png (PNG copy)> <C:/Users/pmaginot/Desktop/Work/PGM_Dissertation/Dissertation/chapter3_variable_xs/LOW_RES_P2_LOBA
TTO_E_IR_A.png (PNG copy)>] [82 <C:/Users/pmaginot/Desktop/Work/PGM_Dissertation/Dissertation/chapter3_variable_xs/LOW_R
ES_P2_GAUSS_E_PSI.png (PNG copy)> <C:/Users/pmaginot/Desktop/Work/PGM_Dissertation/Dissertation/chapter3_variable_xs/LOW
_RES_P2_GAUSS_E_PSI_A.png (PNG copy)> <C:/Users/pmaginot/Desktop/Work/PGM_Dissertation/Dissertation/chapter3_variable_xs
/LOW_RES_P2_GAUSS_E_IR.png (PNG copy)> <C:/Users/pmaginot/Desktop/Work/PGM_Dissertation/Dissertation/chapter3_variable_x
s/LOW_RES_P2_GAUSS_E_IR_A.png (PNG copy)>] [83 <C:/Users/pmaginot/Desktop/Work/PGM_Dissertation/Dissertation/chapter3_va
riable_xs/LOW_RES_P2_CXS_E_PSI.png (PNG copy)> <C:/Users/pmaginot/Desktop/Work/PGM_Dissertation/Dissertation/chapter3_va
riable_xs/LOW_RES_P2_CXS_E_PSI_A.png (PNG copy)> <C:/Users/pmaginot/Desktop/Work/PGM_Dissertation/Dissertation/chapter3_
variable_xs/LOW_RES_P2_CXS_E_IR.png (PNG copy)> <C:/Users/pmaginot/Desktop/Work/PGM_Dissertation/Dissertation/chapter3_v
ariable_xs/LOW_RES_P2_CXS_E_IR_A.png (PNG copy)>]
(C:\Users\pmaginot\Desktop\Work\PGM_Dissertation\Dissertation\chapter4_acceleration/chapter4_acceleration.tex
Chapter 4.
) [84



] (C:\Users\pmaginot\Desktop\Work\PGM_Dissertation\Dissertation\chapter5_depletion/chapter5_depletion.tex
Chapter 5.
) [85



] (C:\Users\pmaginot\Desktop\Work\PGM_Dissertation\Dissertation\chapter6_grey_radtran/chapter6_grey_radtran.tex
Chapter 6.
) [86



] (C:\Users\pmaginot\Desktop\Work\PGM_Dissertation\Dissertation\front_matter/bibliography.tex
(C:\Users\pmaginot\Desktop\Work\PGM_Dissertation\Dissertation\pgm_dissertation.bbl [87



] [88] [89])) [90]
(C:\Users\pmaginot\Desktop\Work\PGM_Dissertation\Dissertation\appendices/appendices.tex
(C:\Users\pmaginot\Desktop\Work\PGM_Dissertation\Dissertation\appendices/appendix1.tex
APPENDIX A.
<figures/Penguins.jpg, id=630, 770.88pt x 578.16pt>
File: figures/Penguins.jpg Graphic file (type jpg)
 <use figures/Penguins.jpg>
Package pdftex.def Info: figures/Penguins.jpg used on input line 25.
(pdftex.def)             Requested size: 385.43906pt x 289.07928pt.
)
(C:\Users\pmaginot\Desktop\Work\PGM_Dissertation\Dissertation\appendices/appendix2.tex [91



] [92 <C:/Users/pmaginot/Desktop/Work/PGM_Dissertation/Dissertation/figures/Penguins.jpg>]
APPENDIX B.
File: figures/Penguins.jpg Graphic file (type jpg)
<use figures/Penguins.jpg>
Package pdftex.def Info: figures/Penguins.jpg used on input line 23.
(pdftex.def)             Requested size: 385.43906pt x 289.07928pt.
 [93

])) [94]
(C:\Users\pmaginot\Desktop\Work\PGM_Dissertation\Dissertation\pgm_dissertation.aux
(C:\Users\pmaginot\Desktop\Work\PGM_Dissertation\Dissertation\front_matter/titlepage.aux)
(C:\Users\pmaginot\Desktop\Work\PGM_Dissertation\Dissertation\front_matter/abstract.aux)
(C:\Users\pmaginot\Desktop\Work\PGM_Dissertation\Dissertation\front_matter/dedication.aux)
(C:\Users\pmaginot\Desktop\Work\PGM_Dissertation\Dissertation\front_matter/acknowledgements.aux)
(C:\Users\pmaginot\Desktop\Work\PGM_Dissertation\Dissertation\front_matter/nomenclature.aux)
(C:\Users\pmaginot\Desktop\Work\PGM_Dissertation\Dissertation\front_matter/lists.aux)
(C:\Users\pmaginot\Desktop\Work\PGM_Dissertation\Dissertation\chapter1_intro/introduction.aux)
(C:\Users\pmaginot\Desktop\Work\PGM_Dissertation\Dissertation\chapter2_constant_xs/chapter2_constant_xs.aux)
(C:\Users\pmaginot\Desktop\Work\PGM_Dissertation\Dissertation\chapter3_variable_xs/chapter3_variable_xs.aux)
(C:\Users\pmaginot\Desktop\Work\PGM_Dissertation\Dissertation\chapter4_acceleration/chapter4_acceleration.aux)
(C:\Users\pmaginot\Desktop\Work\PGM_Dissertation\Dissertation\chapter5_depletion/chapter5_depletion.aux)
(C:\Users\pmaginot\Desktop\Work\PGM_Dissertation\Dissertation\chapter6_grey_radtran/chapter6_grey_radtran.aux)
(C:\Users\pmaginot\Desktop\Work\PGM_Dissertation\Dissertation\front_matter/bibliography.aux)
(C:\Users\pmaginot\Desktop\Work\PGM_Dissertation\Dissertation\appendices/appendices.aux))

LaTeX Warning: There were undefined references.


LaTeX Warning: There were multiply-defined labels.

 ) 
Here is how much of TeX's memory you used:
 4506 strings out of 493921
 81783 string characters out of 3147274
 146714 words of memory out of 3000000
 7529 multiletter control sequences out of 15000+200000
 10867 words of font info for 40 fonts, out of 3000000 for 9000
 841 hyphenation exceptions out of 8191
 34i,17n,33p,993b,285s stack positions out of 5000i,500n,10000p,200000b,50000s
<C:/Program Files/MiKTeX 2.9/fonts/type1/public/amsfonts/cm/cmbx12.pfb><C:/Program Files/MiKTeX 2.9/fonts/type1/public
/amsfonts/cm/cmex10.pfb><C:/Program Files/MiKTeX 2.9/fonts/type1/public/amsfonts/cm/cmmi12.pfb><C:/Program Files/MiKTeX 
2.9/fonts/type1/public/amsfonts/cm/cmmi6.pfb><C:/Program Files/MiKTeX 2.9/fonts/type1/public/amsfonts/cm/cmmi8.pfb><C:/P
rogram Files/MiKTeX 2.9/fonts/type1/public/amsfonts/cm/cmr12.pfb><C:/Program Files/MiKTeX 2.9/fonts/type1/public/amsfont
s/cm/cmr6.pfb><C:/Program Files/MiKTeX 2.9/fonts/type1/public/amsfonts/cm/cmr8.pfb><C:/Program Files/MiKTeX 2.9/fonts/ty
pe1/public/amsfonts/cm/cmsy10.pfb><C:/Program Files/MiKTeX 2.9/fonts/type1/public/amsfonts/cm/cmsy6.pfb><C:/Program File
s/MiKTeX 2.9/fonts/type1/public/amsfonts/cm/cmsy8.pfb><C:/Program Files/MiKTeX 2.9/fonts/type1/public/amsfonts/cm/cmti12
.pfb><C:/Program Files/MiKTeX 2.9/fonts/type1/public/amsfonts/cm/cmti7.pfb><C:/Program Files/MiKTeX 2.9/fonts/type1/publ
ic/amsfonts/cm/cmti8.pfb>
Output written on pgm_dissertation.pdf (106 pages, 2914489 bytes).
PDF statistics:
 691 PDF objects out of 1000 (max. 8388607)
 0 named destinations out of 1000 (max. 500000)
 406 words of extra memory for PDF output out of 10000 (max. 10000000)

